Mobile Game/Library/Bee/Android/Prj/IL2CPP/Gradle/unityLibrary/build/intermediates/manifest_merge_blame_file/release/manifest-merger-blame-release-report.txt
1<?xml version="1.0" encoding="utf-8"?>
2<manifest xmlns:android="http://schemas.android.com/apk/res/android"
3    xmlns:tools="http://schemas.android.com/tools"
4    package="com.unity3d.player"
5    android:versionCode="10"
6    android:versionName="1.0.0" >
7
8    <uses-sdk
9        android:minSdkVersion="29"
9-->src\main\AndroidManifest.xml
10        android:targetSdkVersion="33" />
10-->src\main\AndroidManifest.xml
11
12    <uses-feature android:glEsVersion="0x00030000" />
12-->src\main\AndroidManifest.xml:23:3-52
12-->src\main\AndroidManifest.xml:23:17-49
13    <uses-feature
13-->src\main\AndroidManifest.xml:24:3-91
14        android:name="android.hardware.vulkan.version"
14-->src\main\AndroidManifest.xml:24:17-63
15        android:required="false" />
15-->src\main\AndroidManifest.xml:24:64-88
16
17    <uses-permission android:name="android.permission.INTERNET" />
17-->src\main\AndroidManifest.xml:25:3-65
17-->src\main\AndroidManifest.xml:25:20-62
18    <uses-permission android:name="android.permission.VIBRATE" />
18-->src\main\AndroidManifest.xml:26:3-64
18-->src\main\AndroidManifest.xml:26:20-61
19    <uses-permission android:name="android.permission.ACCESS_COARSE_LOCATION" />
19-->src\main\AndroidManifest.xml:27:3-79
19-->src\main\AndroidManifest.xml:27:20-76
20
21    <uses-feature
21-->src\main\AndroidManifest.xml:28:3-89
22        android:name="android.hardware.location.gps"
22-->src\main\AndroidManifest.xml:28:17-61
23        android:required="false" />
23-->src\main\AndroidManifest.xml:28:62-86
24    <uses-feature
24-->src\main\AndroidManifest.xml:29:3-85
25        android:name="android.hardware.location"
25-->src\main\AndroidManifest.xml:29:17-57
26        android:required="false" />
26-->src\main\AndroidManifest.xml:29:58-82
27
28    <uses-permission android:name="android.permission.CAMERA" />
28-->src\main\AndroidManifest.xml:30:3-63
28-->src\main\AndroidManifest.xml:30:20-60
29
30    <uses-feature
30-->src\main\AndroidManifest.xml:31:3-83
31        android:name="android.hardware.camera"
31-->src\main\AndroidManifest.xml:31:17-55
32        android:required="false" />
32-->src\main\AndroidManifest.xml:31:56-80
33    <uses-feature
33-->src\main\AndroidManifest.xml:32:3-93
34        android:name="android.hardware.camera.autofocus"
34-->src\main\AndroidManifest.xml:32:17-65
35        android:required="false" />
35-->src\main\AndroidManifest.xml:32:66-90
36    <uses-feature
36-->src\main\AndroidManifest.xml:33:3-89
37        android:name="android.hardware.camera.front"
37-->src\main\AndroidManifest.xml:33:17-61
38        android:required="false" />
38-->src\main\AndroidManifest.xml:33:62-86
39    <uses-feature
39-->src\main\AndroidManifest.xml:34:3-97
40        android:name="android.hardware.sensor.accelerometer"
40-->src\main\AndroidManifest.xml:34:17-69
41        android:required="false" />
41-->src\main\AndroidManifest.xml:34:70-94
42    <uses-feature
42-->src\main\AndroidManifest.xml:35:3-88
43        android:name="android.hardware.touchscreen"
43-->src\main\AndroidManifest.xml:35:17-60
44        android:required="false" />
44-->src\main\AndroidManifest.xml:35:61-85
45    <uses-feature
45-->src\main\AndroidManifest.xml:36:3-99
46        android:name="android.hardware.touchscreen.multitouch"
46-->src\main\AndroidManifest.xml:36:17-71
47        android:required="false" />
47-->src\main\AndroidManifest.xml:36:72-96
48    <uses-feature
48-->src\main\AndroidManifest.xml:37:3-108
49        android:name="android.hardware.touchscreen.multitouch.distinct"
49-->src\main\AndroidManifest.xml:37:17-80
50        android:required="false" />
50-->src\main\AndroidManifest.xml:37:81-105
51
52    <uses-permission android:name="android.permission.RECEIVE_BOOT_COMPLETED" />
52-->src\main\AndroidManifest.xml:38:3-79
52-->src\main\AndroidManifest.xml:38:20-76
53
54    <application android:extractNativeLibs="true" >
54-->src\main\AndroidManifest.xml:3:3-22:17
54-->src\main\AndroidManifest.xml:3:16-48
55        <activity
55-->src\main\AndroidManifest.xml:4:5-10:16
56            android:name="com.unity3d.player.UnityPlayerActivity"
56-->src\main\AndroidManifest.xml:4:15-68
57            android:configChanges="mcc|mnc|locale|touchscreen|keyboard|keyboardHidden|navigation|orientation|screenLayout|uiMode|screenSize|smallestScreenSize|fontScale|layoutDirection|density"
57-->src\main\AndroidManifest.xml:4:181-362
58            android:exported="true"
58-->src\main\AndroidManifest.xml:4:434-457
59            android:hardwareAccelerated="false"
59-->src\main\AndroidManifest.xml:4:398-433
60            android:launchMode="singleTask"
60-->src\main\AndroidManifest.xml:4:149-180
61            android:resizeableActivity="false"
61-->src\main\AndroidManifest.xml:4:363-397
62            android:screenOrientation="landscape"
62-->src\main\AndroidManifest.xml:4:111-148
63            android:theme="@style/UnityThemeSelector" >
63-->src\main\AndroidManifest.xml:4:69-110
64            <intent-filter>
64-->src\main\AndroidManifest.xml:5:7-8:23
65                <action android:name="android.intent.action.MAIN" />
65-->src\main\AndroidManifest.xml:6:9-61
65-->src\main\AndroidManifest.xml:6:17-58
66
67                <category android:name="android.intent.category.LAUNCHER" />
67-->src\main\AndroidManifest.xml:7:9-69
67-->src\main\AndroidManifest.xml:7:19-66
68            </intent-filter>
69
70            <meta-data
70-->src\main\AndroidManifest.xml:9:7-82
71                android:name="unityplayer.UnityActivity"
71-->src\main\AndroidManifest.xml:9:18-58
72                android:value="true" />
72-->src\main\AndroidManifest.xml:9:59-79
73        </activity>
74
75        <meta-data
75-->src\main\AndroidManifest.xml:11:5-69
76            android:name="unity.splash-mode"
76-->src\main\AndroidManifest.xml:11:16-48
77            android:value="0" />
77-->src\main\AndroidManifest.xml:11:49-66
78        <meta-data
78-->src\main\AndroidManifest.xml:12:5-74
79            android:name="unity.splash-enable"
79-->src\main\AndroidManifest.xml:12:16-50
80            android:value="True" />
80-->src\main\AndroidManifest.xml:12:51-71
81        <meta-data
81-->src\main\AndroidManifest.xml:13:5-78
82            android:name="unity.launch-fullscreen"
82-->src\main\AndroidManifest.xml:13:16-54
83            android:value="True" />
83-->src\main\AndroidManifest.xml:13:55-75
84        <meta-data
84-->src\main\AndroidManifest.xml:14:5-84
85            android:name="unity.allow-resizable-window"
85-->src\main\AndroidManifest.xml:14:16-59
86            android:value="False" />
86-->src\main\AndroidManifest.xml:14:60-81
87
88        <receiver
88-->src\main\AndroidManifest.xml:15:5-113
89            android:name="com.unity.androidnotifications.UnityNotificationManager"
89-->src\main\AndroidManifest.xml:15:15-85
90            android:exported="false" />
90-->src\main\AndroidManifest.xml:15:86-110
91        <receiver
91-->src\main\AndroidManifest.xml:16:5-20:16
92            android:name="com.unity.androidnotifications.UnityNotificationRestartOnBootReceiver"
92-->src\main\AndroidManifest.xml:16:15-99
93            android:enabled="false"
93-->src\main\AndroidManifest.xml:16:100-123
94            android:exported="false" >
94-->src\main\AndroidManifest.xml:16:124-148
95            <intent-filter>
95-->src\main\AndroidManifest.xml:17:7-19:23
96                <action android:name="android.intent.action.BOOT_COMPLETED" />
96-->src\main\AndroidManifest.xml:18:9-71
96-->src\main\AndroidManifest.xml:18:17-68
97            </intent-filter>
98        </receiver>
99
100        <meta-data
100-->src\main\AndroidManifest.xml:21:5-90
101            android:name="reschedule_notifications_on_restart"
101-->src\main\AndroidManifest.xml:21:16-66
102            android:value="true" />
102-->src\main\AndroidManifest.xml:21:67-87
103    </application>
104
105</manifest>